
2021/10/08 13:39:30 invalid or missing Authorization header value

2021/10/08 13:42:41 unable to find workspace `....`: UNIQUE constraint failed: workspaces.name

2021/10/08 13:43:12 unable to find workspace `....`: UNIQUE constraint failed: workspaces.name

2021/10/08 13:44:50 unable to create workspace `....`: UNIQUE constraint failed: workspaces.name

2021/10/08 13:45:31 unable to create workspace `....`: UNIQUE constraint failed: workspaces.name

2021/10/08 13:46:20 unable to create workspace `....`: UNIQUE constraint failed: workspaces.name

2021/10/08 14:53:17 unable to create workspace `....`: UNIQUE constraint failed: workspaces.name

2021/10/08 14:54:29 unable to create workspace `....`: UNIQUE constraint failed: workspaces.name

2021/10/08 14:55:11 unable to create workspace `....`: UNIQUE constraint failed: workspaces.name

2021/10/08 14:56:17 unable to create workspace `....`: UNIQUE constraint failed: workspaces.name

2021/10/08 14:57:08 unable to create workspace `....`: UNIQUE constraint failed: workspaces.name

2021/10/08 14:57:38 unable to create workspace `....`: UNIQUE constraint failed: workspaces.name

2021/10/08 14:59:14 unable to create workspace `....`: UNIQUE constraint failed: workspaces.name

2021/10/08 15:49:45 unable to create workspace `....`: UNIQUE constraint failed: workspaces.name

2021/10/08 15:50:21 unable to create workspace `....`: UNIQUE constraint failed: workspaces.name

2021/10/08 15:52:27 unable to create workspace `....`: UNIQUE constraint failed: workspaces.name

2021/10/08 15:53:17 unable to create workspace `....`: UNIQUE constraint failed: workspaces.name

2021/10/08 15:56:00 unable to create workspace `....`: UNIQUE constraint failed: workspaces.name

2021/10/08 15:56:43 unable to create workspace `....`: UNIQUE constraint failed: workspaces.name

2021/10/08 15:57:43 unable to create workspace `....`: UNIQUE constraint failed: workspaces.name

2021/10/08 16:01:54 unable to create workspace `....`: UNIQUE constraint failed: workspaces.name

2021/10/08 16:02:34 unable to create workspace `....`: UNIQUE constraint failed: workspaces.name

2021/10/08 17:33:45 ERR%!s(uint=210) unable to find workspace `2`: record not found

2021/10/08 17:35:36 ERR%!!(MISSING)s(uint=210) unable to find workspace `2`

2021/10/08 17:36:54 ERR%!!(MISSING)s(uint=210) unable to find workspace `2`

2021/10/08 17:44:30 ERR%!!(MISSING)s(uint=210) unable to find workspace `2`

2021/10/08 17:46:02 ERR%!!(MISSING)s(uint=120) invalid or missing X-GG-WORKSPACE-NAME header value

2021/10/08 17:46:26 ERR%!!(MISSING)s(uint=120) invalid or missing X-GG-WORKSPACE-NAME header value

2021/10/08 17:46:43 ERR%!s(uint=210) unable to find workspace `ç`: record not found

2021/10/08 17:47:10 ERR%!s(uint=210) unable to find workspace `testWorkspace`: record not found

2021/10/08 17:47:22 ERR%!s(uint=140) invalid user input - Key: 'CreateWorkspacesRequestBody.WorkspaceName' Error:Field validation for 'WorkspaceName' failed on the 'email' tag

2021/10/08 19:18:33 ERR%!s(uint=150) invalid body json: unexpected end of JSON input

2021/10/08 19:19:20 ERR%!s(uint=150) invalid body json: unexpected end of JSON input

2021/10/08 19:19:40 ERR%!s(uint=150) invalid body json: invalid character 's' looking for beginning of object key string

2021/10/08 19:19:48 ERR%!s(uint=150) invalid body json: invalid character '}' after object key

2021/10/08 19:20:06 ERR%!s(uint=150) invalid body json: invalid character '}' looking for beginning of value

2021/10/08 19:28:31 ERR%!s(uint=140) invalid user input - Key: 'CreateWorkspacesRequestBody.WorkspaceName' Error:Field validation for 'WorkspaceName' failed on the 'email' tag

2021/10/08 19:34:47 ERR%!s(uint=140) invalid user input - Key: 'CreateWorkspacesRequestBody.WorkspaceName' Error:Field validation for 'WorkspaceName' failed on the 'min' tag

2021/10/08 19:34:59 ERR%!s(uint=140) invalid user input - Key: 'CreateWorkspacesRequestBody.WorkspaceName' Error:Field validation for 'WorkspaceName' failed on the 'required' tag

2021/10/08 19:35:05 ERR%!s(uint=220) unable to create workspace `ts`: UNIQUE constraint failed: workspaces.name
